d:\mywork\c++\designpatterns\patterns_projects_git\designpatterncpp\visitorpattern\jupyterapp\jupyterapp\debug\vc142.pdb
d:\mywork\c++\designpatterns\patterns_projects_git\designpatterncpp\visitorpattern\jupyterapp\jupyterapp\debug\vc142.idb
d:\mywork\c++\designpatterns\patterns_projects_git\designpatterncpp\visitorpattern\jupyterapp\jupyterapp\debug\pdfexporter.obj
d:\mywork\c++\designpatterns\patterns_projects_git\designpatterncpp\visitorpattern\jupyterapp\jupyterapp\debug\notebook.obj
d:\mywork\c++\designpatterns\patterns_projects_git\designpatterncpp\visitorpattern\jupyterapp\jupyterapp\debug\page.obj
d:\mywork\c++\designpatterns\patterns_projects_git\designpatterncpp\visitorpattern\jupyterapp\jupyterapp\debug\nodeexporter.obj
d:\mywork\c++\designpatterns\patterns_projects_git\designpatterncpp\visitorpattern\jupyterapp\jupyterapp\debug\jupyterapp.obj
d:\mywork\c++\designpatterns\patterns_projects_git\designpatterncpp\visitorpattern\jupyterapp\jupyterapp\debug\inode.obj
d:\mywork\c++\designpatterns\patterns_projects_git\designpatterncpp\visitorpattern\jupyterapp\jupyterapp\debug\imagecell.obj
d:\mywork\c++\designpatterns\patterns_projects_git\designpatterncpp\visitorpattern\jupyterapp\jupyterapp\debug\cell.obj
d:\mywork\c++\designpatterns\patterns_projects_git\designpatterncpp\visitorpattern\jupyterapp\jupyterapp\debug\htmlexporter.obj
d:\mywork\c++\designpatterns\patterns_projects_git\designpatterncpp\visitorpattern\jupyterapp\jupyterapp\debug\docexporter.obj
d:\mywork\c++\designpatterns\patterns_projects_git\designpatterncpp\visitorpattern\jupyterapp\jupyterapp\debug\textcell.obj
d:\mywork\c++\designpatterns\patterns_projects_git\designpatterncpp\visitorpattern\jupyterapp\jupyterapp\debug\srccodecell.obj
d:\mywork\c++\designpatterns\patterns_projects_git\designpatterncpp\visitorpattern\jupyterapp\debug\jupyterapp.pdb
d:\mywork\c++\designpatterns\patterns_projects_git\designpatterncpp\visitorpattern\jupyterapp\debug\jupyterapp.exe
d:\mywork\c++\designpatterns\patterns_projects_git\designpatterncpp\visitorpattern\jupyterapp\debug\jupyterapp.ilk
d:\mywork\c++\designpatterns\patterns_projects_git\designpatterncpp\visitorpattern\jupyterapp\jupyterapp\debug\jupyterapp.tlog\cl.command.1.tlog
d:\mywork\c++\designpatterns\patterns_projects_git\designpatterncpp\visitorpattern\jupyterapp\jupyterapp\debug\jupyterapp.tlog\cl.read.1.tlog
d:\mywork\c++\designpatterns\patterns_projects_git\designpatterncpp\visitorpattern\jupyterapp\jupyterapp\debug\jupyterapp.tlog\cl.write.1.tlog
